2017-02-02 03:06:37,423 CRIT Supervisor running as root (no user in config file)
2017-02-02 03:06:37,432 INFO supervisord started with pid 1
2017-02-02 03:06:38,435 INFO spawned: 'nginx' with pid 7
2017-02-02 03:06:38,447 INFO spawnerr: can't find command '/usr/local/sbin/php-fpm'
2017-02-02 03:06:38,452 INFO exited: nginx (exit status 1; not expected)
2017-02-02 03:06:39,456 INFO spawned: 'nginx' with pid 8
2017-02-02 03:06:39,458 INFO spawnerr: can't find command '/usr/local/sbin/php-fpm'
2017-02-02 03:06:39,479 INFO exited: nginx (exit status 1; not expected)
2017-02-02 03:06:41,487 INFO spawned: 'nginx' with pid 9
2017-02-02 03:06:41,488 INFO spawnerr: can't find command '/usr/local/sbin/php-fpm'
2017-02-02 03:06:41,516 INFO exited: nginx (exit status 1; not expected)
2017-02-02 03:06:44,526 INFO spawned: 'nginx' with pid 10
2017-02-02 03:06:44,527 INFO spawnerr: can't find command '/usr/local/sbin/php-fpm'
2017-02-02 03:06:44,528 INFO gave up: php7-fpm entered FATAL state, too many start retries too quickly
2017-02-02 03:06:44,547 INFO exited: nginx (exit status 1; not expected)
2017-02-02 03:06:45,551 INFO gave up: nginx entered FATAL state, too many start retries too quickly
2017-02-02 03:10:47,827 WARN received SIGTERM indicating exit request
2017-02-02 03:10:50,667 CRIT Supervisor running as root (no user in config file)
2017-02-02 03:10:50,680 INFO supervisord started with pid 1
2017-02-02 03:10:51,685 INFO spawned: 'nginx' with pid 7
2017-02-02 03:10:51,688 INFO spawned: 'php7-fpm' with pid 8
2017-02-02 03:10:51,709 INFO exited: nginx (exit status 1; not expected)
2017-02-02 03:10:52,758 INFO spawned: 'nginx' with pid 11
2017-02-02 03:10:52,763 INFO success: php7-fpm entered RUNNING state, process has stayed up for > than 1 seconds (startsecs)
2017-02-02 03:10:52,791 INFO exited: nginx (exit status 1; not expected)
2017-02-02 03:10:54,807 INFO spawned: 'nginx' with pid 12
2017-02-02 03:10:54,827 INFO exited: nginx (exit status 1; not expected)
2017-02-02 03:10:57,836 INFO spawned: 'nginx' with pid 13
2017-02-02 03:10:57,856 INFO exited: nginx (exit status 1; not expected)
2017-02-02 03:10:58,862 INFO gave up: nginx entered FATAL state, too many start retries too quickly
2017-02-02 03:13:43,007 CRIT Supervisor running as root (no user in config file)
2017-02-02 03:13:43,019 INFO supervisord started with pid 1
2017-02-02 03:13:44,028 INFO spawned: 'nginx' with pid 7
2017-02-02 03:13:44,032 INFO spawned: 'php7-fpm' with pid 8
2017-02-02 03:13:44,067 INFO exited: nginx (exit status 1; not expected)
2017-02-02 03:13:45,086 INFO spawned: 'nginx' with pid 11
2017-02-02 03:13:45,089 INFO success: php7-fpm entered RUNNING state, process has stayed up for > than 1 seconds (startsecs)
2017-02-02 03:13:45,109 INFO exited: nginx (exit status 1; not expected)
2017-02-02 03:13:47,123 INFO spawned: 'nginx' with pid 12
2017-02-02 03:13:47,141 INFO exited: nginx (exit status 1; not expected)
2017-02-02 03:13:50,158 INFO spawned: 'nginx' with pid 13
2017-02-02 03:13:50,174 INFO exited: nginx (exit status 1; not expected)
2017-02-02 03:13:51,181 INFO gave up: nginx entered FATAL state, too many start retries too quickly
2017-02-02 03:19:19,794 CRIT Supervisor running as root (no user in config file)
2017-02-02 03:19:19,807 INFO supervisord started with pid 1
2017-02-02 03:19:20,815 INFO spawned: 'nginx' with pid 7
2017-02-02 03:19:20,818 INFO spawned: 'php7-fpm' with pid 8
2017-02-02 03:19:20,832 INFO exited: nginx (exit status 1; not expected)
2017-02-02 03:19:21,854 INFO spawned: 'nginx' with pid 11
2017-02-02 03:19:21,856 INFO success: php7-fpm entered RUNNING state, process has stayed up for > than 1 seconds (startsecs)
2017-02-02 03:19:21,875 INFO exited: nginx (exit status 1; not expected)
2017-02-02 03:19:23,883 INFO spawned: 'nginx' with pid 12
2017-02-02 03:19:23,899 INFO exited: nginx (exit status 1; not expected)
2017-02-02 03:19:26,909 INFO spawned: 'nginx' with pid 13
2017-02-02 03:19:26,928 INFO exited: nginx (exit status 1; not expected)
2017-02-02 03:19:27,934 INFO gave up: nginx entered FATAL state, too many start retries too quickly
2017-02-02 03:20:28,230 CRIT Supervisor running as root (no user in config file)
2017-02-02 03:20:28,237 INFO supervisord started with pid 1
2017-02-02 03:20:29,242 INFO spawned: 'php7-fpm' with pid 7
2017-02-02 03:20:29,245 INFO spawned: 'nginx' with pid 8
2017-02-02 03:20:29,265 INFO exited: nginx (exit status 1; not expected)
2017-02-02 03:20:30,282 INFO success: php7-fpm entered RUNNING state, process has stayed up for > than 1 seconds (startsecs)
2017-02-02 03:20:30,285 INFO spawned: 'nginx' with pid 11
2017-02-02 03:20:30,306 INFO exited: nginx (exit status 1; not expected)
2017-02-02 03:20:32,313 INFO spawned: 'nginx' with pid 12
2017-02-02 03:20:32,328 INFO exited: nginx (exit status 1; not expected)
2017-02-02 03:20:35,339 INFO spawned: 'nginx' with pid 13
2017-02-02 03:20:35,354 INFO exited: nginx (exit status 1; not expected)
2017-02-02 03:20:36,357 INFO gave up: nginx entered FATAL state, too many start retries too quickly
2017-02-02 03:28:57,399 CRIT Supervisor running as root (no user in config file)
2017-02-02 03:28:57,406 INFO supervisord started with pid 1
2017-02-02 03:28:58,411 INFO spawned: 'nginx' with pid 8
2017-02-02 03:28:58,415 INFO spawnerr: can't find command '/usr/bin/php-fpm7'
2017-02-02 03:28:58,431 INFO exited: nginx (exit status 1; not expected)
2017-02-02 03:28:59,438 INFO spawned: 'nginx' with pid 9
2017-02-02 03:28:59,441 INFO spawnerr: can't find command '/usr/bin/php-fpm7'
2017-02-02 03:28:59,458 INFO exited: nginx (exit status 1; not expected)
2017-02-02 03:29:01,466 INFO spawned: 'nginx' with pid 10
2017-02-02 03:29:01,468 INFO spawnerr: can't find command '/usr/bin/php-fpm7'
2017-02-02 03:29:01,489 INFO exited: nginx (exit status 1; not expected)
2017-02-02 03:29:04,504 INFO spawned: 'nginx' with pid 11
2017-02-02 03:29:04,511 INFO spawnerr: can't find command '/usr/bin/php-fpm7'
2017-02-02 03:29:04,512 INFO gave up: php7-fpm entered FATAL state, too many start retries too quickly
2017-02-02 03:29:04,525 INFO exited: nginx (exit status 1; not expected)
2017-02-02 03:29:05,530 INFO gave up: nginx entered FATAL state, too many start retries too quickly
2017-02-02 03:29:51,684 WARN received SIGTERM indicating exit request
2017-02-02 03:29:54,464 CRIT Supervisor running as root (no user in config file)
2017-02-02 03:29:54,474 INFO supervisord started with pid 1
2017-02-02 03:29:55,478 INFO spawned: 'nginx' with pid 7
2017-02-02 03:29:55,481 INFO spawned: 'php7-fpm' with pid 8
2017-02-02 03:29:55,495 INFO exited: nginx (exit status 1; not expected)
2017-02-02 03:29:56,523 INFO spawned: 'nginx' with pid 11
2017-02-02 03:29:56,525 INFO success: php7-fpm entered RUNNING state, process has stayed up for > than 1 seconds (startsecs)
2017-02-02 03:29:56,540 INFO exited: nginx (exit status 1; not expected)
2017-02-02 03:29:58,551 INFO spawned: 'nginx' with pid 12
2017-02-02 03:29:58,567 INFO exited: nginx (exit status 1; not expected)
2017-02-02 03:30:01,578 INFO spawned: 'nginx' with pid 13
2017-02-02 03:30:01,598 INFO exited: nginx (exit status 1; not expected)
2017-02-02 03:30:02,603 INFO gave up: nginx entered FATAL state, too many start retries too quickly
2017-02-02 03:41:03,579 CRIT Supervisor running as root (no user in config file)
2017-02-02 03:41:03,590 INFO supervisord started with pid 1
2017-02-02 03:41:04,601 INFO spawned: 'nginx' with pid 7
2017-02-02 03:41:04,606 INFO spawnerr: can't find command '/usr/bin/php-fpm'
2017-02-02 03:41:04,620 INFO exited: nginx (exit status 1; not expected)
2017-02-02 03:41:05,625 INFO spawned: 'nginx' with pid 8
2017-02-02 03:41:05,627 INFO spawnerr: can't find command '/usr/bin/php-fpm'
2017-02-02 03:41:05,659 INFO exited: nginx (exit status 1; not expected)
2017-02-02 03:41:07,668 INFO spawned: 'nginx' with pid 9
2017-02-02 03:41:07,674 INFO spawnerr: can't find command '/usr/bin/php-fpm'
2017-02-02 03:41:07,689 INFO exited: nginx (exit status 1; not expected)
2017-02-02 03:41:10,698 INFO spawned: 'nginx' with pid 10
2017-02-02 03:41:10,704 INFO spawnerr: can't find command '/usr/bin/php-fpm'
2017-02-02 03:41:10,705 INFO gave up: php7-fpm entered FATAL state, too many start retries too quickly
2017-02-02 03:41:10,720 INFO exited: nginx (exit status 1; not expected)
2017-02-02 03:41:11,724 INFO gave up: nginx entered FATAL state, too many start retries too quickly
2017-02-02 03:42:11,748 CRIT Supervisor running as root (no user in config file)
2017-02-02 03:42:11,756 INFO supervisord started with pid 1
2017-02-02 03:42:12,759 INFO spawned: 'nginx' with pid 7
2017-02-02 03:42:12,762 INFO spawned: 'php7-fpm' with pid 8
2017-02-02 03:42:12,785 INFO exited: nginx (exit status 1; not expected)
2017-02-02 03:42:13,796 INFO spawned: 'nginx' with pid 11
2017-02-02 03:42:13,797 INFO success: php7-fpm entered RUNNING state, process has stayed up for > than 1 seconds (startsecs)
2017-02-02 03:42:13,815 INFO exited: nginx (exit status 1; not expected)
2017-02-02 03:42:15,824 INFO spawned: 'nginx' with pid 12
2017-02-02 03:42:15,843 INFO exited: nginx (exit status 1; not expected)
2017-02-02 03:42:18,852 INFO spawned: 'nginx' with pid 13
2017-02-02 03:42:18,871 INFO exited: nginx (exit status 1; not expected)
2017-02-02 03:42:19,875 INFO gave up: nginx entered FATAL state, too many start retries too quickly
